<?xml version="1.0" encoding="UTF-8"?>
<!-- Generated by org.testng.reporters.JUnitReportReporter -->
<testsuite skipped="0" hostname="DESKTOP-4A84LOO" name="com.bit.project.test.SmokTest" tests="1" failures="0" timestamp="2020-12-07T15:59:18 EST" time="5.941" errors="0">
  <testcase name="verifyTarget" time="5.941" classname="com.bit.project.test.SmokTest"/>
  <system-out/>
</testsuite> <!-- com.bit.project.test.SmokTest -->
